2022-10-04T07:04:13+00:00 CRITICAL Uncaught Error: Using $this when not in object context in C:\starmark\htdocs\plugin\wp-content\plugins\product-brands\product-brands.php:325
Stack trace:
#0 C:\starmark\htdocs\plugin\wp-includes\class-wp-hook.php(307): product_brands_menu_page('')
#1 C:\starmark\htdocs\plugin\wp-includes\class-wp-hook.php(331): WP_Hook->apply_filters('', Array)
#2 C:\starmark\htdocs\plugin\wp-includes\plugin.php(476): WP_Hook->do_action(Array)
#3 C:\starmark\htdocs\plugin\wp-admin\admin.php(259): do_action('toplevel_page_p...')
#4 {main}
  thrown in C:\starmark\htdocs\plugin\wp-content\plugins\product-brands\product-brands.php on line 325

2022-10-04T07:07:23+00:00 CRITICAL Uncaught Error: Using $this when not in object context in C:\starmark\htdocs\plugin\wp-content\plugins\product-brands\product-brands.php:352
Stack trace:
#0 C:\starmark\htdocs\plugin\wp-includes\class-wp-hook.php(307): product_brands_menu_page('')
#1 C:\starmark\htdocs\plugin\wp-includes\class-wp-hook.php(331): WP_Hook->apply_filters('', Array)
#2 C:\starmark\htdocs\plugin\wp-includes\plugin.php(476): WP_Hook->do_action(Array)
#3 C:\starmark\htdocs\plugin\wp-admin\admin.php(259): do_action('toplevel_page_p...')
#4 {main}
  thrown in C:\starmark\htdocs\plugin\wp-content\plugins\product-brands\product-brands.php on line 352

2022-10-04T07:08:54+00:00 CRITICAL Uncaught Error: Using $this when not in object context in C:\starmark\htdocs\plugin\wp-content\plugins\product-brands\product-brands.php:352
Stack trace:
#0 C:\starmark\htdocs\plugin\wp-includes\class-wp-hook.php(307): product_brands_menu_page('')
#1 C:\starmark\htdocs\plugin\wp-includes\class-wp-hook.php(331): WP_Hook->apply_filters('', Array)
#2 C:\starmark\htdocs\plugin\wp-includes\plugin.php(476): WP_Hook->do_action(Array)
#3 C:\starmark\htdocs\plugin\wp-admin\admin.php(259): do_action('toplevel_page_p...')
#4 {main}
  thrown in C:\starmark\htdocs\plugin\wp-content\plugins\product-brands\product-brands.php on line 352

2022-10-04T07:10:28+00:00 CRITICAL Uncaught Error: Using $this when not in object context in C:\starmark\htdocs\plugin\wp-content\plugins\product-brands\product-brands.php:365
Stack trace:
#0 C:\starmark\htdocs\plugin\wp-includes\class-wp-hook.php(307): product_brands_menu_page('')
#1 C:\starmark\htdocs\plugin\wp-includes\class-wp-hook.php(331): WP_Hook->apply_filters('', Array)
#2 C:\starmark\htdocs\plugin\wp-includes\plugin.php(476): WP_Hook->do_action(Array)
#3 C:\starmark\htdocs\plugin\wp-admin\admin.php(259): do_action('toplevel_page_p...')
#4 {main}
  thrown in C:\starmark\htdocs\plugin\wp-content\plugins\product-brands\product-brands.php on line 365

2022-10-04T07:12:15+00:00 CRITICAL Uncaught Error: Using $this when not in object context in C:\starmark\htdocs\plugin\wp-content\plugins\product-brands\product-brands.php:363
Stack trace:
#0 C:\starmark\htdocs\plugin\wp-includes\class-wp-hook.php(307): product_brands_menu_page('')
#1 C:\starmark\htdocs\plugin\wp-includes\class-wp-hook.php(331): WP_Hook->apply_filters('', Array)
#2 C:\starmark\htdocs\plugin\wp-includes\plugin.php(476): WP_Hook->do_action(Array)
#3 C:\starmark\htdocs\plugin\wp-admin\admin.php(259): do_action('toplevel_page_p...')
#4 {main}
  thrown in C:\starmark\htdocs\plugin\wp-content\plugins\product-brands\product-brands.php on line 363

2022-10-04T07:13:07+00:00 CRITICAL Uncaught Error: Call to a member function create_taxonomy() on string in C:\starmark\htdocs\plugin\wp-content\plugins\product-brands\product-brands.php:363
Stack trace:
#0 C:\starmark\htdocs\plugin\wp-includes\class-wp-hook.php(307): product_brands_menu_page('')
#1 C:\starmark\htdocs\plugin\wp-includes\class-wp-hook.php(331): WP_Hook->apply_filters('', Array)
#2 C:\starmark\htdocs\plugin\wp-includes\plugin.php(476): WP_Hook->do_action(Array)
#3 C:\starmark\htdocs\plugin\wp-admin\admin.php(259): do_action('toplevel_page_p...')
#4 {main}
  thrown in C:\starmark\htdocs\plugin\wp-content\plugins\product-brands\product-brands.php on line 363

2022-10-04T07:13:53+00:00 CRITICAL Uncaught Error: Call to a member function create_taxonomy() on string in C:\starmark\htdocs\plugin\wp-content\plugins\product-brands\product-brands.php:363
Stack trace:
#0 C:\starmark\htdocs\plugin\wp-includes\class-wp-hook.php(307): product_brands_menu_page('')
#1 C:\starmark\htdocs\plugin\wp-includes\class-wp-hook.php(331): WP_Hook->apply_filters('', Array)
#2 C:\starmark\htdocs\plugin\wp-includes\plugin.php(476): WP_Hook->do_action(Array)
#3 C:\starmark\htdocs\plugin\wp-admin\admin.php(259): do_action('toplevel_page_p...')
#4 {main}
  thrown in C:\starmark\htdocs\plugin\wp-content\plugins\product-brands\product-brands.php on line 363

2022-10-04T07:14:01+00:00 CRITICAL Uncaught Error: Call to a member function create_taxonomy() on string in C:\starmark\htdocs\plugin\wp-content\plugins\product-brands\product-brands.php:363
Stack trace:
#0 C:\starmark\htdocs\plugin\wp-includes\class-wp-hook.php(307): product_brands_menu_page('')
#1 C:\starmark\htdocs\plugin\wp-includes\class-wp-hook.php(331): WP_Hook->apply_filters('', Array)
#2 C:\starmark\htdocs\plugin\wp-includes\plugin.php(476): WP_Hook->do_action(Array)
#3 C:\starmark\htdocs\plugin\wp-admin\admin.php(259): do_action('toplevel_page_p...')
#4 {main}
  thrown in C:\starmark\htdocs\plugin\wp-content\plugins\product-brands\product-brands.php on line 363

