2022-10-07T10:35:08+00:00 CRITICAL Uncaught Error: Call to a member function get_attributes() on null in C:\starmark\htdocs\plugin\wp-content\plugins\product-brands\product-taxonomy-filter.php:290
Stack trace:
#0 C:\starmark\htdocs\plugin\wp-includes\class-wp-hook.php(307): product_taxonomy_filter_menu_page('')
#1 C:\starmark\htdocs\plugin\wp-includes\class-wp-hook.php(331): WP_Hook->apply_filters('', Array)
#2 C:\starmark\htdocs\plugin\wp-includes\plugin.php(476): WP_Hook->do_action(Array)
#3 C:\starmark\htdocs\plugin\wp-admin\admin.php(259): do_action('toplevel_page_p...')
#4 {main}
  thrown in C:\starmark\htdocs\plugin\wp-content\plugins\product-brands\product-taxonomy-filter.php on line 290

2022-10-07T10:35:46+00:00 CRITICAL Uncaught Error: Call to a member function get_attributes() on null in C:\starmark\htdocs\plugin\wp-content\plugins\product-brands\product-taxonomy-filter.php:291
Stack trace:
#0 C:\starmark\htdocs\plugin\wp-includes\class-wp-hook.php(307): product_taxonomy_filter_menu_page('')
#1 C:\starmark\htdocs\plugin\wp-includes\class-wp-hook.php(331): WP_Hook->apply_filters('', Array)
#2 C:\starmark\htdocs\plugin\wp-includes\plugin.php(476): WP_Hook->do_action(Array)
#3 C:\starmark\htdocs\plugin\wp-admin\admin.php(259): do_action('toplevel_page_p...')
#4 {main}
  thrown in C:\starmark\htdocs\plugin\wp-content\plugins\product-brands\product-taxonomy-filter.php on line 291

2022-10-07T10:36:07+00:00 CRITICAL Uncaught Error: Call to a member function get_attributes() on null in C:\starmark\htdocs\plugin\wp-content\plugins\product-brands\product-taxonomy-filter.php:263
Stack trace:
#0 C:\starmark\htdocs\plugin\wp-includes\class-wp-hook.php(307): product_taxonomy_filter_menu_page('')
#1 C:\starmark\htdocs\plugin\wp-includes\class-wp-hook.php(331): WP_Hook->apply_filters('', Array)
#2 C:\starmark\htdocs\plugin\wp-includes\plugin.php(476): WP_Hook->do_action(Array)
#3 C:\starmark\htdocs\plugin\wp-admin\admin.php(259): do_action('toplevel_page_p...')
#4 {main}
  thrown in C:\starmark\htdocs\plugin\wp-content\plugins\product-brands\product-taxonomy-filter.php on line 263

2022-10-07T10:36:54+00:00 CRITICAL Uncaught Error: Call to undefined function get_attributes() in C:\starmark\htdocs\plugin\wp-content\plugins\product-brands\product-taxonomy-filter.php:263
Stack trace:
#0 C:\starmark\htdocs\plugin\wp-includes\class-wp-hook.php(307): product_taxonomy_filter_menu_page('')
#1 C:\starmark\htdocs\plugin\wp-includes\class-wp-hook.php(331): WP_Hook->apply_filters('', Array)
#2 C:\starmark\htdocs\plugin\wp-includes\plugin.php(476): WP_Hook->do_action(Array)
#3 C:\starmark\htdocs\plugin\wp-admin\admin.php(259): do_action('toplevel_page_p...')
#4 {main}
  thrown in C:\starmark\htdocs\plugin\wp-content\plugins\product-brands\product-taxonomy-filter.php on line 263

2022-10-07T10:37:42+00:00 CRITICAL Uncaught Error: Call to a member function get_variation_attributes() on null in C:\starmark\htdocs\plugin\wp-content\plugins\product-brands\product-taxonomy-filter.php:263
Stack trace:
#0 C:\starmark\htdocs\plugin\wp-includes\class-wp-hook.php(307): product_taxonomy_filter_menu_page('')
#1 C:\starmark\htdocs\plugin\wp-includes\class-wp-hook.php(331): WP_Hook->apply_filters('', Array)
#2 C:\starmark\htdocs\plugin\wp-includes\plugin.php(476): WP_Hook->do_action(Array)
#3 C:\starmark\htdocs\plugin\wp-admin\admin.php(259): do_action('toplevel_page_p...')
#4 {main}
  thrown in C:\starmark\htdocs\plugin\wp-content\plugins\product-brands\product-taxonomy-filter.php on line 263

2022-10-07T10:37:55+00:00 CRITICAL Uncaught Error: Call to a member function list_attributes() on null in C:\starmark\htdocs\plugin\wp-content\plugins\product-brands\product-taxonomy-filter.php:263
Stack trace:
#0 C:\starmark\htdocs\plugin\wp-includes\class-wp-hook.php(307): product_taxonomy_filter_menu_page('')
#1 C:\starmark\htdocs\plugin\wp-includes\class-wp-hook.php(331): WP_Hook->apply_filters('', Array)
#2 C:\starmark\htdocs\plugin\wp-includes\plugin.php(476): WP_Hook->do_action(Array)
#3 C:\starmark\htdocs\plugin\wp-admin\admin.php(259): do_action('toplevel_page_p...')
#4 {main}
  thrown in C:\starmark\htdocs\plugin\wp-content\plugins\product-brands\product-taxonomy-filter.php on line 263

2022-10-07T10:38:23+00:00 CRITICAL Uncaught Error: Call to a member function wc_get_attribute_taxonomies() on null in C:\starmark\htdocs\plugin\wp-content\plugins\product-brands\product-taxonomy-filter.php:263
Stack trace:
#0 C:\starmark\htdocs\plugin\wp-includes\class-wp-hook.php(307): product_taxonomy_filter_menu_page('')
#1 C:\starmark\htdocs\plugin\wp-includes\class-wp-hook.php(331): WP_Hook->apply_filters('', Array)
#2 C:\starmark\htdocs\plugin\wp-includes\plugin.php(476): WP_Hook->do_action(Array)
#3 C:\starmark\htdocs\plugin\wp-admin\admin.php(259): do_action('toplevel_page_p...')
#4 {main}
  thrown in C:\starmark\htdocs\plugin\wp-content\plugins\product-brands\product-taxonomy-filter.php on line 263

2022-10-07T10:39:02+00:00 CRITICAL Uncaught Error: Call to undefined function list_attributes() in C:\starmark\htdocs\plugin\wp-content\plugins\product-brands\product-taxonomy-filter.php:263
Stack trace:
#0 C:\starmark\htdocs\plugin\wp-includes\class-wp-hook.php(307): product_taxonomy_filter_menu_page('')
#1 C:\starmark\htdocs\plugin\wp-includes\class-wp-hook.php(331): WP_Hook->apply_filters('', Array)
#2 C:\starmark\htdocs\plugin\wp-includes\plugin.php(476): WP_Hook->do_action(Array)
#3 C:\starmark\htdocs\plugin\wp-admin\admin.php(259): do_action('toplevel_page_p...')
#4 {main}
  thrown in C:\starmark\htdocs\plugin\wp-content\plugins\product-brands\product-taxonomy-filter.php on line 263

2022-10-07T10:39:16+00:00 CRITICAL Uncaught Error: Call to undefined function get_variation_attributes() in C:\starmark\htdocs\plugin\wp-content\plugins\product-brands\product-taxonomy-filter.php:263
Stack trace:
#0 C:\starmark\htdocs\plugin\wp-includes\class-wp-hook.php(307): product_taxonomy_filter_menu_page('')
#1 C:\starmark\htdocs\plugin\wp-includes\class-wp-hook.php(331): WP_Hook->apply_filters('', Array)
#2 C:\starmark\htdocs\plugin\wp-includes\plugin.php(476): WP_Hook->do_action(Array)
#3 C:\starmark\htdocs\plugin\wp-admin\admin.php(259): do_action('toplevel_page_p...')
#4 {main}
  thrown in C:\starmark\htdocs\plugin\wp-content\plugins\product-brands\product-taxonomy-filter.php on line 263

2022-10-07T12:14:14+00:00 CRITICAL Object of class WP_Taxonomy could not be converted to string in C:\starmark\htdocs\plugin\wp-content\plugins\product-brands\product-taxonomy-filter.php on line 289

2022-10-07T12:15:53+00:00 CRITICAL Object of class WP_Taxonomy could not be converted to string in C:\starmark\htdocs\plugin\wp-content\plugins\product-brands\product-taxonomy-filter.php on line 289

2022-10-07T12:16:06+00:00 CRITICAL Object of class WP_Taxonomy could not be converted to string in C:\starmark\htdocs\plugin\wp-content\plugins\product-brands\product-taxonomy-filter.php on line 289

2022-10-07T12:16:15+00:00 CRITICAL Object of class WP_Taxonomy could not be converted to string in C:\starmark\htdocs\plugin\wp-content\plugins\product-brands\product-taxonomy-filter.php on line 289

2022-10-07T12:16:26+00:00 CRITICAL Object of class WP_Taxonomy could not be converted to string in C:\starmark\htdocs\plugin\wp-content\plugins\product-brands\product-taxonomy-filter.php on line 289

2022-10-07T12:18:16+00:00 CRITICAL Object of class WP_Taxonomy could not be converted to string in C:\starmark\htdocs\plugin\wp-content\plugins\product-brands\product-taxonomy-filter.php on line 289

2022-10-07T12:18:40+00:00 CRITICAL Uncaught Error: Cannot use object of type WP_Taxonomy as array in C:\starmark\htdocs\plugin\wp-content\plugins\product-brands\product-taxonomy-filter.php:278
Stack trace:
#0 C:\starmark\htdocs\plugin\wp-includes\class-wp-hook.php(307): product_taxonomy_filter_menu_page('')
#1 C:\starmark\htdocs\plugin\wp-includes\class-wp-hook.php(331): WP_Hook->apply_filters('', Array)
#2 C:\starmark\htdocs\plugin\wp-includes\plugin.php(476): WP_Hook->do_action(Array)
#3 C:\starmark\htdocs\plugin\wp-admin\admin.php(259): do_action('toplevel_page_p...')
#4 {main}
  thrown in C:\starmark\htdocs\plugin\wp-content\plugins\product-brands\product-taxonomy-filter.php on line 278

2022-10-07T12:18:49+00:00 CRITICAL Uncaught Error: Cannot use object of type WP_Taxonomy as array in C:\starmark\htdocs\plugin\wp-content\plugins\product-brands\product-taxonomy-filter.php:278
Stack trace:
#0 C:\starmark\htdocs\plugin\wp-includes\class-wp-hook.php(307): product_taxonomy_filter_menu_page('')
#1 C:\starmark\htdocs\plugin\wp-includes\class-wp-hook.php(331): WP_Hook->apply_filters('', Array)
#2 C:\starmark\htdocs\plugin\wp-includes\plugin.php(476): WP_Hook->do_action(Array)
#3 C:\starmark\htdocs\plugin\wp-admin\admin.php(259): do_action('toplevel_page_p...')
#4 {main}
  thrown in C:\starmark\htdocs\plugin\wp-content\plugins\product-brands\product-taxonomy-filter.php on line 278

2022-10-07T12:19:08+00:00 CRITICAL Uncaught Error: Cannot use object of type WP_Taxonomy as array in C:\starmark\htdocs\plugin\wp-content\plugins\product-brands\product-taxonomy-filter.php:278
Stack trace:
#0 C:\starmark\htdocs\plugin\wp-includes\class-wp-hook.php(307): product_taxonomy_filter_menu_page('')
#1 C:\starmark\htdocs\plugin\wp-includes\class-wp-hook.php(331): WP_Hook->apply_filters('', Array)
#2 C:\starmark\htdocs\plugin\wp-includes\plugin.php(476): WP_Hook->do_action(Array)
#3 C:\starmark\htdocs\plugin\wp-admin\admin.php(259): do_action('toplevel_page_p...')
#4 {main}
  thrown in C:\starmark\htdocs\plugin\wp-content\plugins\product-brands\product-taxonomy-filter.php on line 278

2022-10-07T12:19:20+00:00 CRITICAL Object of class WP_Taxonomy could not be converted to string in C:\starmark\htdocs\plugin\wp-content\plugins\product-brands\product-taxonomy-filter.php on line 289

2022-10-07T12:19:34+00:00 CRITICAL Object of class WP_Taxonomy could not be converted to string in C:\starmark\htdocs\plugin\wp-content\plugins\product-brands\product-taxonomy-filter.php on line 289

2022-10-07T12:21:33+00:00 CRITICAL Object of class WP_Taxonomy could not be converted to string in C:\starmark\htdocs\plugin\wp-content\plugins\product-brands\product-taxonomy-filter.php on line 289

2022-10-07T12:21:45+00:00 CRITICAL Object of class WP_Taxonomy could not be converted to string in C:\starmark\htdocs\plugin\wp-content\plugins\product-brands\product-taxonomy-filter.php on line 289

2022-10-07T12:21:53+00:00 CRITICAL Object of class WP_Taxonomy could not be converted to string in C:\starmark\htdocs\plugin\wp-content\plugins\product-brands\product-taxonomy-filter.php on line 289

2022-10-07T12:23:07+00:00 CRITICAL Object of class WP_Taxonomy could not be converted to string in C:\starmark\htdocs\plugin\wp-content\plugins\product-brands\product-taxonomy-filter.php on line 289

2022-10-07T12:23:22+00:00 CRITICAL Object of class WP_Taxonomy could not be converted to string in C:\starmark\htdocs\plugin\wp-content\plugins\product-brands\product-taxonomy-filter.php on line 289

2022-10-07T12:30:15+00:00 CRITICAL Object of class WP_Taxonomy could not be converted to string in C:\starmark\htdocs\plugin\wp-content\plugins\product-brands\product-taxonomy-filter.php on line 293

2022-10-07T12:30:53+00:00 CRITICAL Object of class WP_Taxonomy could not be converted to string in C:\starmark\htdocs\plugin\wp-content\plugins\product-brands\product-taxonomy-filter.php on line 293

2022-10-07T12:31:51+00:00 CRITICAL Object of class WP_Taxonomy could not be converted to string in C:\starmark\htdocs\plugin\wp-content\plugins\product-brands\product-taxonomy-filter.php on line 293

2022-10-07T12:33:09+00:00 CRITICAL Object of class WP_Taxonomy could not be converted to string in C:\starmark\htdocs\plugin\wp-content\plugins\product-brands\product-taxonomy-filter.php on line 294

2022-10-07T12:36:42+00:00 CRITICAL Object of class WP_Taxonomy could not be converted to string in C:\starmark\htdocs\plugin\wp-content\plugins\product-brands\product-taxonomy-filter.php on line 293

2022-10-07T12:37:22+00:00 CRITICAL Object of class WP_Taxonomy could not be converted to string in C:\starmark\htdocs\plugin\wp-content\plugins\product-brands\product-taxonomy-filter.php on line 293

2022-10-07T12:37:52+00:00 CRITICAL Object of class WP_Taxonomy could not be converted to string in C:\starmark\htdocs\plugin\wp-content\plugins\product-brands\product-taxonomy-filter.php on line 293

